<?xml version="1.0" encoding="UTF-8"?>
<testng-results skipped="0" failed="0" total="1" passed="1">
  <reporter-output>
  </reporter-output>
  <suite name="Suite" duration-ms="51232" started-at="2016-05-03T19:00:18Z" finished-at="2016-05-03T19:01:09Z">
    <groups>
    </groups>
    <test name="Test" duration-ms="51232" started-at="2016-05-03T19:00:18Z" finished-at="2016-05-03T19:01:09Z">
      <class name="newPackage.NoPOMClassTestLoginGuruBank">
        <test-method status="PASS" signature="beforeTest()[pri:0, instance:newPackage.NoPOMClassTestLoginGuruBank@10ee7cb]" name="beforeTest" is-config="true" duration-ms="22955" started-at="2016-05-03T14:00:18Z" finished-at="2016-05-03T14:00:41Z">
          <reporter-output>
          </reporter-output>
        </test-method> <!-- beforeTest -->
        <test-method status="PASS" signature="testEasy()[pri:0, instance:newPackage.NoPOMClassTestLoginGuruBank@10ee7cb]" name="testEasy" duration-ms="26145" started-at="2016-05-03T14:00:41Z" finished-at="2016-05-03T14:01:07Z">
          <reporter-output>
          </reporter-output>
        </test-method> <!-- testEasy -->
        <test-method status="PASS" signature="afterTest()[pri:0, instance:newPackage.NoPOMClassTestLoginGuruBank@10ee7cb]" name="afterTest" is-config="true" duration-ms="2039" started-at="2016-05-03T14:01:07Z" finished-at="2016-05-03T14:01:09Z">
          <reporter-output>
          </reporter-output>
        </test-method> <!-- afterTest -->
      </class> <!-- newPackage.NoPOMClassTestLoginGuruBank -->
    </test> <!-- Test -->
  </suite> <!-- Suite -->
</testng-results>
